2019-11-28 13:11:22.133  INFO 4464 --- [main] c.e.f.FeignCustomer10001Application      : No active profile set, falling back to default profiles: default
2019-11-28 13:11:22.594  INFO 4464 --- [main] o.s.cloud.context.scope.GenericScope     : BeanFactory id=447b3bb6-acbb-3e13-bb93-2e0a61581029
2019-11-28 13:11:22.679  INFO 4464 --- [main] trationDelegate$BeanPostProcessorChecker : Bean 'org.springframework.cloud.autoconfigure.ConfigurationPropertiesRebinderAutoConfiguration' of type [org.springframework.cloud.autoconfigure.ConfigurationPropertiesRebinderAutoConfiguration$$EnhancerBySpringCGLIB$$c96d6677] is not eligible for getting processed by all BeanPostProcessors (for example: not eligible for auto-proxying)
2019-11-28 13:11:22.862  INFO 4464 --- [main] o.s.b.w.embedded.tomcat.TomcatWebServer  : Tomcat initialized with port(s): 10001 (http)
2019-11-28 13:11:22.868  INFO 4464 --- [main] o.apache.catalina.core.StandardService   : Starting service [Tomcat]
2019-11-28 13:11:22.869  INFO 4464 --- [main] org.apache.catalina.core.StandardEngine  : Starting Servlet engine: [Apache Tomcat/9.0.27]
2019-11-28 13:11:22.972  INFO 4464 --- [main] o.a.c.c.C.[Tomcat].[localhost].[/]       : Initializing Spring embedded WebApplicationContext
2019-11-28 13:11:22.973  INFO 4464 --- [main] o.s.web.context.ContextLoader            : Root WebApplicationContext: initialization completed in 826 ms
2019-11-28 13:11:23.156  WARN 4464 --- [main] c.n.c.sources.URLConfigurationSource     : No URLs will be polled as dynamic configuration sources.
2019-11-28 13:11:23.156  INFO 4464 --- [main] c.n.c.sources.URLConfigurationSource     : To enable URLs as dynamic configuration sources, define System property archaius.configurationSource.additionalUrls or make config.properties available on classpath.
2019-11-28 13:11:23.159  WARN 4464 --- [main] c.n.c.sources.URLConfigurationSource     : No URLs will be polled as dynamic configuration sources.
2019-11-28 13:11:23.159  INFO 4464 --- [main] c.n.c.sources.URLConfigurationSource     : To enable URLs as dynamic configuration sources, define System property archaius.configurationSource.additionalUrls or make config.properties available on classpath.
2019-11-28 13:11:23.254  INFO 4464 --- [main] o.s.s.concurrent.ThreadPoolTaskExecutor  : Initializing ExecutorService 'applicationTaskExecutor'
2019-11-28 13:11:24.770  INFO 4464 --- [main] o.s.cloud.commons.util.InetUtils         : Cannot determine local hostname
2019-11-28 13:11:26.114  INFO 4464 --- [main] o.s.cloud.commons.util.InetUtils         : Cannot determine local hostname
2019-11-28 13:11:26.150  WARN 4464 --- [main] ockingLoadBalancerClientRibbonWarnLogger : You already have RibbonLoadBalancerClient on your classpath. It will be used by default. As Spring Cloud Ribbon is in maintenance mode. We recommend switching to BlockingLoadBalancerClient instead. In order to use it, set the value of `spring.cloud.loadbalancer.ribbon.enabled` to `false` or remove spring-cloud-starter-netflix-ribbon from your project.
2019-11-28 13:11:26.240  INFO 4464 --- [main] o.s.c.n.eureka.InstanceInfoFactory       : Setting initial instance status as: STARTING
2019-11-28 13:11:26.268  INFO 4464 --- [main] com.netflix.discovery.DiscoveryClient    : Initializing Eureka in region us-east-1
2019-11-28 13:11:26.649  INFO 4464 --- [main] c.n.d.provider.DiscoveryJerseyProvider   : Using JSON encoding codec LegacyJacksonJson
2019-11-28 13:11:26.649  INFO 4464 --- [main] c.n.d.provider.DiscoveryJerseyProvider   : Using JSON decoding codec LegacyJacksonJson
2019-11-28 13:11:26.736  INFO 4464 --- [main] c.n.d.provider.DiscoveryJerseyProvider   : Using XML encoding codec XStreamXml
2019-11-28 13:11:26.736  INFO 4464 --- [main] c.n.d.provider.DiscoveryJerseyProvider   : Using XML decoding codec XStreamXml
2019-11-28 13:11:26.860  INFO 4464 --- [main] c.n.d.s.r.aws.ConfigClusterResolver      : Resolving eureka endpoints via configuration
2019-11-28 13:11:27.080  INFO 4464 --- [main] com.netflix.discovery.DiscoveryClient    : Disable delta property : false
2019-11-28 13:11:27.081  INFO 4464 --- [main] com.netflix.discovery.DiscoveryClient    : Single vip registry refresh property : null
2019-11-28 13:11:27.081  INFO 4464 --- [main] com.netflix.discovery.DiscoveryClient    : Force full registry fetch : false
2019-11-28 13:11:27.081  INFO 4464 --- [main] com.netflix.discovery.DiscoveryClient    : Application is null : false
2019-11-28 13:11:27.081  INFO 4464 --- [main] com.netflix.discovery.DiscoveryClient    : Registered Applications size is zero : true
2019-11-28 13:11:27.082  INFO 4464 --- [main] com.netflix.discovery.DiscoveryClient    : Application version is -1: true
2019-11-28 13:11:27.082  INFO 4464 --- [main] com.netflix.discovery.DiscoveryClient    : Getting all instance registry info from the eureka server
2019-11-28 13:11:27.202  INFO 4464 --- [main] com.netflix.discovery.DiscoveryClient    : The response status is 200
2019-11-28 13:11:27.205  INFO 4464 --- [main] com.netflix.discovery.DiscoveryClient    : Starting heartbeat executor: renew interval is: 30
2019-11-28 13:11:27.207  INFO 4464 --- [main] c.n.discovery.InstanceInfoReplicator     : InstanceInfoReplicator onDemand update allowed rate per min is 4
2019-11-28 13:11:27.210  INFO 4464 --- [main] com.netflix.discovery.DiscoveryClient    : Discovery Client initialized at timestamp 1574917887210 with initial instances count: 2
2019-11-28 13:11:27.212  INFO 4464 --- [main] o.s.c.n.e.s.EurekaServiceRegistry        : Registering application FEIGN-CUSTOMER-10001 with eureka with status UP
2019-11-28 13:11:27.212  INFO 4464 --- [main] com.netflix.discovery.DiscoveryClient    : Saw local status change event StatusChangeEvent [timestamp=1574917887212, current=UP, previous=STARTING]
2019-11-28 13:11:27.214  INFO 4464 --- [DiscoveryClient-InstanceInfoReplicator-0] com.netflix.discovery.DiscoveryClient    : DiscoveryClient_FEIGN-CUSTOMER-10001/localhost:feign-customer-10001:10001: registering service...
2019-11-28 13:11:27.241  INFO 4464 --- [main] o.s.b.w.embedded.tomcat.TomcatWebServer  : Tomcat started on port(s): 10001 (http) with context path ''
2019-11-28 13:11:27.242  INFO 4464 --- [main] .s.c.n.e.s.EurekaAutoServiceRegistration : Updating port to 10001
2019-11-28 13:11:27.243  INFO 4464 --- [DiscoveryClient-InstanceInfoReplicator-0] com.netflix.discovery.DiscoveryClient    : DiscoveryClient_FEIGN-CUSTOMER-10001/localhost:feign-customer-10001:10001 - registration status: 204
2019-11-28 13:11:28.550  INFO 4464 --- [main] o.s.cloud.commons.util.InetUtils         : Cannot determine local hostname
2019-11-28 13:11:28.553  INFO 4464 --- [main] c.e.f.FeignCustomer10001Application      : Started FeignCustomer10001Application in 9.709 seconds (JVM running for 10.458)
2019-11-28 13:12:03.055  INFO 4464 --- [http-nio-10001-exec-1] o.a.c.c.C.[Tomcat].[localhost].[/]       : Initializing Spring DispatcherServlet 'dispatcherServlet'
2019-11-28 13:12:03.056  INFO 4464 --- [http-nio-10001-exec-1] o.s.web.servlet.DispatcherServlet        : Initializing Servlet 'dispatcherServlet'
2019-11-28 13:12:03.066  INFO 4464 --- [http-nio-10001-exec-1] o.s.web.servlet.DispatcherServlet        : Completed initialization in 9 ms
2019-11-28 13:12:03.357  INFO 4464 --- [http-nio-10001-exec-1] c.netflix.config.ChainedDynamicProperty  : Flipping property: feign-provider-9000.ribbon.ActiveConnectionsLimit to use NEXT property: niws.loadbalancer.availabilityFilteringRule.activeConnectionsLimit = 2147483647
2019-11-28 13:12:03.395  INFO 4464 --- [http-nio-10001-exec-1] c.n.u.concurrent.ShutdownEnabledTimer    : Shutdown hook installed for: NFLoadBalancer-PingTimer-feign-provider-9000
2019-11-28 13:12:03.396  INFO 4464 --- [http-nio-10001-exec-1] c.netflix.loadbalancer.BaseLoadBalancer  : Client: feign-provider-9000 instantiated a LoadBalancer: DynamicServerListLoadBalancer:{NFLoadBalancer:name=feign-provider-9000,current list of Servers=[],Load balancer stats=Zone stats: {},Server stats: []}ServerList:null
2019-11-28 13:12:03.403  INFO 4464 --- [http-nio-10001-exec-1] c.n.l.DynamicServerListLoadBalancer      : Using serverListUpdater PollingServerListUpdater
2019-11-28 13:12:03.427  INFO 4464 --- [http-nio-10001-exec-1] c.netflix.config.ChainedDynamicProperty  : Flipping property: feign-provider-9000.ribbon.ActiveConnectionsLimit to use NEXT property: niws.loadbalancer.availabilityFilteringRule.activeConnectionsLimit = 2147483647
2019-11-28 13:12:03.430  INFO 4464 --- [http-nio-10001-exec-1] c.n.l.DynamicServerListLoadBalancer      : DynamicServerListLoadBalancer for client feign-provider-9000 initialized: DynamicServerListLoadBalancer:{NFLoadBalancer:name=feign-provider-9000,current list of Servers=[localhost:9000],Load balancer stats=Zone stats: {defaultzone=[Zone:defaultzone;	Instance count:1;	Active connections count: 0;	Circuit breaker tripped count: 0;	Active connections per server: 0.0;]
},Server stats: [[Server:localhost:9000;	Zone:defaultZone;	Total Requests:0;	Successive connection failure:0;	Total blackout seconds:0;	Last connection made:Thu Jan 01 08:00:00 CST 1970;	First connection made: Thu Jan 01 08:00:00 CST 1970;	Active Connections:0;	total failure count in last (1000) msecs:0;	average resp time:0.0;	90 percentile resp time:0.0;	95 percentile resp time:0.0;	min resp time:0.0;	max resp time:0.0;	stddev resp time:0.0]
]}ServerList:org.springframework.cloud.netflix.ribbon.eureka.DomainExtractingServerList@7d0ef854
2019-11-28 13:12:04.407  INFO 4464 --- [PollingServerListUpdater-0] c.netflix.config.ChainedDynamicProperty  : Flipping property: feign-provider-9000.ribbon.ActiveConnectionsLimit to use NEXT property: niws.loadbalancer.availabilityFilteringRule.activeConnectionsLimit = 2147483647
