2019-11-28 13:10:45.984  INFO 1176 --- [main] c.e.f.FeignProvider9000Application       : No active profile set, falling back to default profiles: default
2019-11-28 13:10:46.652  WARN 1176 --- [main] o.s.boot.actuate.endpoint.EndpointId     : Endpoint ID 'service-registry' contains invalid characters, please migrate to a valid format.
2019-11-28 13:10:46.754  INFO 1176 --- [main] o.s.cloud.context.scope.GenericScope     : BeanFactory id=37165022-a6db-319c-8f1d-9bcb1359e5e9
2019-11-28 13:10:46.868  INFO 1176 --- [main] trationDelegate$BeanPostProcessorChecker : Bean 'org.springframework.cloud.autoconfigure.ConfigurationPropertiesRebinderAutoConfiguration' of type [org.springframework.cloud.autoconfigure.ConfigurationPropertiesRebinderAutoConfiguration$$EnhancerBySpringCGLIB$$e24e99cd] is not eligible for getting processed by all BeanPostProcessors (for example: not eligible for auto-proxying)
2019-11-28 13:10:47.036  INFO 1176 --- [main] o.s.b.w.embedded.tomcat.TomcatWebServer  : Tomcat initialized with port(s): 9000 (http)
2019-11-28 13:10:47.045  INFO 1176 --- [main] o.apache.catalina.core.StandardService   : Starting service [Tomcat]
2019-11-28 13:10:47.045  INFO 1176 --- [main] org.apache.catalina.core.StandardEngine  : Starting Servlet engine: [Apache Tomcat/9.0.27]
2019-11-28 13:10:47.167  INFO 1176 --- [main] o.a.c.c.C.[Tomcat].[localhost].[/]       : Initializing Spring embedded WebApplicationContext
2019-11-28 13:10:47.167  INFO 1176 --- [main] o.s.web.context.ContextLoader            : Root WebApplicationContext: initialization completed in 1170 ms
2019-11-28 13:10:47.230  WARN 1176 --- [main] c.n.c.sources.URLConfigurationSource     : No URLs will be polled as dynamic configuration sources.
2019-11-28 13:10:47.231  INFO 1176 --- [main] c.n.c.sources.URLConfigurationSource     : To enable URLs as dynamic configuration sources, define System property archaius.configurationSource.additionalUrls or make config.properties available on classpath.
2019-11-28 13:10:47.238  INFO 1176 --- [main] c.netflix.config.DynamicPropertyFactory  : DynamicPropertyFactory is initialized with configuration sources: com.netflix.config.ConcurrentCompositeConfiguration@22a6e998
2019-11-28 13:10:48.676  INFO 1176 --- [main] o.s.cloud.commons.util.InetUtils         : Cannot determine local hostname
2019-11-28 13:10:48.898  WARN 1176 --- [main] c.n.c.sources.URLConfigurationSource     : No URLs will be polled as dynamic configuration sources.
2019-11-28 13:10:48.899  INFO 1176 --- [main] c.n.c.sources.URLConfigurationSource     : To enable URLs as dynamic configuration sources, define System property archaius.configurationSource.additionalUrls or make config.properties available on classpath.
2019-11-28 13:10:49.019  INFO 1176 --- [main] o.s.s.concurrent.ThreadPoolTaskExecutor  : Initializing ExecutorService 'applicationTaskExecutor'
2019-11-28 13:10:50.569  INFO 1176 --- [main] o.s.cloud.commons.util.InetUtils         : Cannot determine local hostname
2019-11-28 13:10:50.598  WARN 1176 --- [main] ockingLoadBalancerClientRibbonWarnLogger : You already have RibbonLoadBalancerClient on your classpath. It will be used by default. As Spring Cloud Ribbon is in maintenance mode. We recommend switching to BlockingLoadBalancerClient instead. In order to use it, set the value of `spring.cloud.loadbalancer.ribbon.enabled` to `false` or remove spring-cloud-starter-netflix-ribbon from your project.
2019-11-28 13:10:50.657  INFO 1176 --- [main] o.s.b.a.e.web.EndpointLinksResolver      : Exposing 2 endpoint(s) beneath base path '/actuator'
2019-11-28 13:10:50.718  INFO 1176 --- [main] o.s.c.n.eureka.InstanceInfoFactory       : Setting initial instance status as: STARTING
2019-11-28 13:10:50.744  INFO 1176 --- [main] com.netflix.discovery.DiscoveryClient    : Initializing Eureka in region us-east-1
2019-11-28 13:10:51.114  INFO 1176 --- [main] c.n.d.provider.DiscoveryJerseyProvider   : Using JSON encoding codec LegacyJacksonJson
2019-11-28 13:10:51.115  INFO 1176 --- [main] c.n.d.provider.DiscoveryJerseyProvider   : Using JSON decoding codec LegacyJacksonJson
2019-11-28 13:10:51.206  INFO 1176 --- [main] c.n.d.provider.DiscoveryJerseyProvider   : Using XML encoding codec XStreamXml
2019-11-28 13:10:51.207  INFO 1176 --- [main] c.n.d.provider.DiscoveryJerseyProvider   : Using XML decoding codec XStreamXml
2019-11-28 13:10:51.352  INFO 1176 --- [main] c.n.d.s.r.aws.ConfigClusterResolver      : Resolving eureka endpoints via configuration
2019-11-28 13:10:51.583  INFO 1176 --- [main] com.netflix.discovery.DiscoveryClient    : Disable delta property : false
2019-11-28 13:10:51.583  INFO 1176 --- [main] com.netflix.discovery.DiscoveryClient    : Single vip registry refresh property : null
2019-11-28 13:10:51.583  INFO 1176 --- [main] com.netflix.discovery.DiscoveryClient    : Force full registry fetch : false
2019-11-28 13:10:51.583  INFO 1176 --- [main] com.netflix.discovery.DiscoveryClient    : Application is null : false
2019-11-28 13:10:51.583  INFO 1176 --- [main] com.netflix.discovery.DiscoveryClient    : Registered Applications size is zero : true
2019-11-28 13:10:51.584  INFO 1176 --- [main] com.netflix.discovery.DiscoveryClient    : Application version is -1: true
2019-11-28 13:10:51.584  INFO 1176 --- [main] com.netflix.discovery.DiscoveryClient    : Getting all instance registry info from the eureka server
2019-11-28 13:10:51.701  INFO 1176 --- [main] com.netflix.discovery.DiscoveryClient    : The response status is 200
2019-11-28 13:10:51.703  INFO 1176 --- [main] com.netflix.discovery.DiscoveryClient    : Starting heartbeat executor: renew interval is: 30
2019-11-28 13:10:51.704  INFO 1176 --- [main] c.n.discovery.InstanceInfoReplicator     : InstanceInfoReplicator onDemand update allowed rate per min is 4
2019-11-28 13:10:51.707  INFO 1176 --- [main] com.netflix.discovery.DiscoveryClient    : Discovery Client initialized at timestamp 1574917851706 with initial instances count: 1
2019-11-28 13:10:51.709  INFO 1176 --- [main] o.s.c.n.e.s.EurekaServiceRegistry        : Registering application FEIGN-PROVIDER-9000 with eureka with status UP
2019-11-28 13:10:51.709  INFO 1176 --- [main] com.netflix.discovery.DiscoveryClient    : Saw local status change event StatusChangeEvent [timestamp=1574917851709, current=UP, previous=STARTING]
2019-11-28 13:10:51.711  INFO 1176 --- [DiscoveryClient-InstanceInfoReplicator-0] com.netflix.discovery.DiscoveryClient    : DiscoveryClient_FEIGN-PROVIDER-9000/localhost:feign-provider-9000:9000: registering service...
2019-11-28 13:10:51.741  INFO 1176 --- [DiscoveryClient-InstanceInfoReplicator-0] com.netflix.discovery.DiscoveryClient    : DiscoveryClient_FEIGN-PROVIDER-9000/localhost:feign-provider-9000:9000 - registration status: 204
2019-11-28 13:10:51.746  INFO 1176 --- [main] o.s.b.w.embedded.tomcat.TomcatWebServer  : Tomcat started on port(s): 9000 (http) with context path ''
2019-11-28 13:10:51.747  INFO 1176 --- [main] .s.c.n.e.s.EurekaAutoServiceRegistration : Updating port to 9000
2019-11-28 13:10:53.094  INFO 1176 --- [main] o.s.cloud.commons.util.InetUtils         : Cannot determine local hostname
2019-11-28 13:10:53.101  INFO 1176 --- [main] c.e.f.FeignProvider9000Application       : Started FeignProvider9000Application in 10.507 seconds (JVM running for 11.408)
2019-11-28 13:10:53.693  INFO 1176 --- [RMI TCP Connection(2)-192.168.159.1] o.a.c.c.C.[Tomcat].[localhost].[/]       : Initializing Spring DispatcherServlet 'dispatcherServlet'
2019-11-28 13:10:53.694  INFO 1176 --- [RMI TCP Connection(2)-192.168.159.1] o.s.web.servlet.DispatcherServlet        : Initializing Servlet 'dispatcherServlet'
2019-11-28 13:10:53.702  INFO 1176 --- [RMI TCP Connection(2)-192.168.159.1] o.s.web.servlet.DispatcherServlet        : Completed initialization in 8 ms
