2019-11-28 13:10:20.113  INFO 15264 --- [main] c.e.z.ZuulServer5000Application          : No active profile set, falling back to default profiles: default
2019-11-28 13:10:20.722  WARN 15264 --- [main] o.s.boot.actuate.endpoint.EndpointId     : Endpoint ID 'service-registry' contains invalid characters, please migrate to a valid format.
2019-11-28 13:10:20.738  WARN 15264 --- [main] o.s.boot.actuate.endpoint.EndpointId     : Endpoint ID 'hystrix.stream' contains invalid characters, please migrate to a valid format.
2019-11-28 13:10:20.842  INFO 15264 --- [main] o.s.cloud.context.scope.GenericScope     : BeanFactory id=57f8cae0-7b96-3564-b53e-efd79a913b4b
2019-11-28 13:10:21.035  INFO 15264 --- [main] trationDelegate$BeanPostProcessorChecker : Bean 'org.springframework.cloud.autoconfigure.ConfigurationPropertiesRebinderAutoConfiguration' of type [org.springframework.cloud.autoconfigure.ConfigurationPropertiesRebinderAutoConfiguration$$EnhancerBySpringCGLIB$$c6168118] is not eligible for getting processed by all BeanPostProcessors (for example: not eligible for auto-proxying)
2019-11-28 13:10:21.221  INFO 15264 --- [main] o.s.b.w.embedded.tomcat.TomcatWebServer  : Tomcat initialized with port(s): 5000 (http)
2019-11-28 13:10:21.296  INFO 15264 --- [main] o.apache.catalina.core.StandardService   : Starting service [Tomcat]
2019-11-28 13:10:21.296  INFO 15264 --- [main] org.apache.catalina.core.StandardEngine  : Starting Servlet engine: [Apache Tomcat/9.0.27]
2019-11-28 13:10:21.389  INFO 15264 --- [main] o.a.c.c.C.[Tomcat].[localhost].[/]       : Initializing Spring embedded WebApplicationContext
2019-11-28 13:10:21.389  INFO 15264 --- [main] o.s.web.context.ContextLoader            : Root WebApplicationContext: initialization completed in 1264 ms
2019-11-28 13:10:21.457  WARN 15264 --- [main] c.n.c.sources.URLConfigurationSource     : No URLs will be polled as dynamic configuration sources.
2019-11-28 13:10:21.457  INFO 15264 --- [main] c.n.c.sources.URLConfigurationSource     : To enable URLs as dynamic configuration sources, define System property archaius.configurationSource.additionalUrls or make config.properties available on classpath.
2019-11-28 13:10:21.467  INFO 15264 --- [main] c.netflix.config.DynamicPropertyFactory  : DynamicPropertyFactory is initialized with configuration sources: com.netflix.config.ConcurrentCompositeConfiguration@235d29d6
2019-11-28 13:10:22.873  INFO 15264 --- [main] o.s.cloud.commons.util.InetUtils         : Cannot determine local hostname
2019-11-28 13:10:24.298  INFO 15264 --- [main] o.s.cloud.commons.util.InetUtils         : Cannot determine local hostname
2019-11-28 13:10:24.483  WARN 15264 --- [main] c.n.c.sources.URLConfigurationSource     : No URLs will be polled as dynamic configuration sources.
2019-11-28 13:10:24.484  INFO 15264 --- [main] c.n.c.sources.URLConfigurationSource     : To enable URLs as dynamic configuration sources, define System property archaius.configurationSource.additionalUrls or make config.properties available on classpath.
2019-11-28 13:10:24.610  INFO 15264 --- [main] o.s.s.concurrent.ThreadPoolTaskExecutor  : Initializing ExecutorService 'applicationTaskExecutor'
2019-11-28 13:10:24.871  WARN 15264 --- [main] ockingLoadBalancerClientRibbonWarnLogger : You already have RibbonLoadBalancerClient on your classpath. It will be used by default. As Spring Cloud Ribbon is in maintenance mode. We recommend switching to BlockingLoadBalancerClient instead. In order to use it, set the value of `spring.cloud.loadbalancer.ribbon.enabled` to `false` or remove spring-cloud-starter-netflix-ribbon from your project.
2019-11-28 13:10:25.313  INFO 15264 --- [main] o.s.c.n.zuul.ZuulFilterInitializer       : Starting filter initializer
2019-11-28 13:10:25.323  INFO 15264 --- [main] o.s.b.a.e.web.EndpointLinksResolver      : Exposing 2 endpoint(s) beneath base path '/actuator'
2019-11-28 13:10:25.383  INFO 15264 --- [main] o.s.c.n.eureka.InstanceInfoFactory       : Setting initial instance status as: STARTING
2019-11-28 13:10:25.412  INFO 15264 --- [main] com.netflix.discovery.DiscoveryClient    : Initializing Eureka in region us-east-1
2019-11-28 13:10:25.452  INFO 15264 --- [main] c.n.d.provider.DiscoveryJerseyProvider   : Using JSON encoding codec LegacyJacksonJson
2019-11-28 13:10:25.452  INFO 15264 --- [main] c.n.d.provider.DiscoveryJerseyProvider   : Using JSON decoding codec LegacyJacksonJson
2019-11-28 13:10:25.550  INFO 15264 --- [main] c.n.d.provider.DiscoveryJerseyProvider   : Using XML encoding codec XStreamXml
2019-11-28 13:10:25.550  INFO 15264 --- [main] c.n.d.provider.DiscoveryJerseyProvider   : Using XML decoding codec XStreamXml
2019-11-28 13:10:25.678  INFO 15264 --- [main] c.n.d.s.r.aws.ConfigClusterResolver      : Resolving eureka endpoints via configuration
2019-11-28 13:10:25.925  INFO 15264 --- [main] com.netflix.discovery.DiscoveryClient    : Disable delta property : false
2019-11-28 13:10:25.925  INFO 15264 --- [main] com.netflix.discovery.DiscoveryClient    : Single vip registry refresh property : null
2019-11-28 13:10:25.925  INFO 15264 --- [main] com.netflix.discovery.DiscoveryClient    : Force full registry fetch : false
2019-11-28 13:10:25.925  INFO 15264 --- [main] com.netflix.discovery.DiscoveryClient    : Application is null : false
2019-11-28 13:10:25.926  INFO 15264 --- [main] com.netflix.discovery.DiscoveryClient    : Registered Applications size is zero : true
2019-11-28 13:10:25.926  INFO 15264 --- [main] com.netflix.discovery.DiscoveryClient    : Application version is -1: true
2019-11-28 13:10:25.926  INFO 15264 --- [main] com.netflix.discovery.DiscoveryClient    : Getting all instance registry info from the eureka server
2019-11-28 13:10:25.993  INFO 15264 --- [main] com.netflix.discovery.DiscoveryClient    : The response status is 200
2019-11-28 13:10:25.995  INFO 15264 --- [main] com.netflix.discovery.DiscoveryClient    : Starting heartbeat executor: renew interval is: 30
2019-11-28 13:10:25.997  INFO 15264 --- [main] c.n.discovery.InstanceInfoReplicator     : InstanceInfoReplicator onDemand update allowed rate per min is 4
2019-11-28 13:10:26.001  INFO 15264 --- [main] com.netflix.discovery.DiscoveryClient    : Discovery Client initialized at timestamp 1574917826000 with initial instances count: 0
2019-11-28 13:10:26.003  INFO 15264 --- [main] o.s.c.n.e.s.EurekaServiceRegistry        : Registering application ZUUL-SERVER-5000 with eureka with status UP
2019-11-28 13:10:26.005  INFO 15264 --- [main] com.netflix.discovery.DiscoveryClient    : Saw local status change event StatusChangeEvent [timestamp=1574917826005, current=UP, previous=STARTING]
2019-11-28 13:10:26.007  INFO 15264 --- [DiscoveryClient-InstanceInfoReplicator-0] com.netflix.discovery.DiscoveryClient    : DiscoveryClient_ZUUL-SERVER-5000/localhost:zuul-server-5000:5000: registering service...
2019-11-28 13:10:26.050  INFO 15264 --- [main] o.s.b.w.embedded.tomcat.TomcatWebServer  : Tomcat started on port(s): 5000 (http) with context path ''
2019-11-28 13:10:26.051  INFO 15264 --- [main] .s.c.n.e.s.EurekaAutoServiceRegistration : Updating port to 5000
2019-11-28 13:10:26.070  INFO 15264 --- [DiscoveryClient-InstanceInfoReplicator-0] com.netflix.discovery.DiscoveryClient    : DiscoveryClient_ZUUL-SERVER-5000/localhost:zuul-server-5000:5000 - registration status: 204
2019-11-28 13:10:27.468  INFO 15264 --- [main] o.s.cloud.commons.util.InetUtils         : Cannot determine local hostname
2019-11-28 13:10:27.470  INFO 15264 --- [main] c.e.z.ZuulServer5000Application          : Started ZuulServer5000Application in 10.73 seconds (JVM running for 11.606)
2019-11-28 13:10:28.338  INFO 15264 --- [RMI TCP Connection(3)-192.168.159.1] o.a.c.c.C.[Tomcat].[localhost].[/]       : Initializing Spring DispatcherServlet 'dispatcherServlet'
2019-11-28 13:10:28.339  INFO 15264 --- [RMI TCP Connection(3)-192.168.159.1] o.s.web.servlet.DispatcherServlet        : Initializing Servlet 'dispatcherServlet'
2019-11-28 13:10:28.346  INFO 15264 --- [RMI TCP Connection(3)-192.168.159.1] o.s.web.servlet.DispatcherServlet        : Completed initialization in 7 ms
2019-11-28 13:10:55.996  INFO 15264 --- [DiscoveryClient-CacheRefreshExecutor-0] com.netflix.discovery.DiscoveryClient    : Disable delta property : false
2019-11-28 13:10:55.997  INFO 15264 --- [DiscoveryClient-CacheRefreshExecutor-0] com.netflix.discovery.DiscoveryClient    : Single vip registry refresh property : null
2019-11-28 13:10:55.997  INFO 15264 --- [DiscoveryClient-CacheRefreshExecutor-0] com.netflix.discovery.DiscoveryClient    : Force full registry fetch : false
2019-11-28 13:10:55.997  INFO 15264 --- [DiscoveryClient-CacheRefreshExecutor-0] com.netflix.discovery.DiscoveryClient    : Application is null : false
2019-11-28 13:10:55.998  INFO 15264 --- [DiscoveryClient-CacheRefreshExecutor-0] com.netflix.discovery.DiscoveryClient    : Registered Applications size is zero : true
2019-11-28 13:10:55.998  INFO 15264 --- [DiscoveryClient-CacheRefreshExecutor-0] com.netflix.discovery.DiscoveryClient    : Application version is -1: false
2019-11-28 13:10:55.999  INFO 15264 --- [DiscoveryClient-CacheRefreshExecutor-0] com.netflix.discovery.DiscoveryClient    : Getting all instance registry info from the eureka server
2019-11-28 13:10:56.024  INFO 15264 --- [DiscoveryClient-CacheRefreshExecutor-0] com.netflix.discovery.DiscoveryClient    : The response status is 200
2019-11-28 13:12:02.546  INFO 15264 --- [http-nio-5000-exec-1] c.netflix.config.ChainedDynamicProperty  : Flipping property: feign-customer-10001.ribbon.ActiveConnectionsLimit to use NEXT property: niws.loadbalancer.availabilityFilteringRule.activeConnectionsLimit = 2147483647
2019-11-28 13:12:02.605  INFO 15264 --- [http-nio-5000-exec-1] c.n.u.concurrent.ShutdownEnabledTimer    : Shutdown hook installed for: NFLoadBalancer-PingTimer-feign-customer-10001
2019-11-28 13:12:02.607  INFO 15264 --- [http-nio-5000-exec-1] c.netflix.loadbalancer.BaseLoadBalancer  : Client: feign-customer-10001 instantiated a LoadBalancer: DynamicServerListLoadBalancer:{NFLoadBalancer:name=feign-customer-10001,current list of Servers=[],Load balancer stats=Zone stats: {},Server stats: []}ServerList:null
2019-11-28 13:12:02.616  INFO 15264 --- [http-nio-5000-exec-1] c.n.l.DynamicServerListLoadBalancer      : Using serverListUpdater PollingServerListUpdater
2019-11-28 13:12:02.649  INFO 15264 --- [http-nio-5000-exec-1] c.netflix.config.ChainedDynamicProperty  : Flipping property: feign-customer-10001.ribbon.ActiveConnectionsLimit to use NEXT property: niws.loadbalancer.availabilityFilteringRule.activeConnectionsLimit = 2147483647
2019-11-28 13:12:02.652  INFO 15264 --- [http-nio-5000-exec-1] c.n.l.DynamicServerListLoadBalancer      : DynamicServerListLoadBalancer for client feign-customer-10001 initialized: DynamicServerListLoadBalancer:{NFLoadBalancer:name=feign-customer-10001,current list of Servers=[localhost:10001],Load balancer stats=Zone stats: {defaultzone=[Zone:defaultzone;	Instance count:1;	Active connections count: 0;	Circuit breaker tripped count: 0;	Active connections per server: 0.0;]
},Server stats: [[Server:localhost:10001;	Zone:defaultZone;	Total Requests:0;	Successive connection failure:0;	Total blackout seconds:0;	Last connection made:Thu Jan 01 08:00:00 CST 1970;	First connection made: Thu Jan 01 08:00:00 CST 1970;	Active Connections:0;	total failure count in last (1000) msecs:0;	average resp time:0.0;	90 percentile resp time:0.0;	95 percentile resp time:0.0;	min resp time:0.0;	max resp time:0.0;	stddev resp time:0.0]
]}ServerList:org.springframework.cloud.netflix.ribbon.eureka.DomainExtractingServerList@56b73729
2019-11-28 13:12:03.623  INFO 15264 --- [PollingServerListUpdater-0] c.netflix.config.ChainedDynamicProperty  : Flipping property: feign-customer-10001.ribbon.ActiveConnectionsLimit to use NEXT property: niws.loadbalancer.availabilityFilteringRule.activeConnectionsLimit = 2147483647
