2019-11-28 13:09:14.279  INFO 18504 --- [main] c.e.z.ZuulServer5000ApplicationTests     : No active profile set, falling back to default profiles: default
2019-11-28 13:09:15.223  WARN 18504 --- [main] o.s.boot.actuate.endpoint.EndpointId     : Endpoint ID 'service-registry' contains invalid characters, please migrate to a valid format.
2019-11-28 13:09:15.248  WARN 18504 --- [main] o.s.boot.actuate.endpoint.EndpointId     : Endpoint ID 'hystrix.stream' contains invalid characters, please migrate to a valid format.
2019-11-28 13:09:15.446  INFO 18504 --- [main] o.s.cloud.context.scope.GenericScope     : BeanFactory id=306c2e23-c682-3726-81e7-6c69f415964e
2019-11-28 13:09:16.055  INFO 18504 --- [main] trationDelegate$BeanPostProcessorChecker : Bean 'org.springframework.cloud.autoconfigure.ConfigurationPropertiesRebinderAutoConfiguration' of type [org.springframework.cloud.autoconfigure.ConfigurationPropertiesRebinderAutoConfiguration$$EnhancerBySpringCGLIB$$b686cd1c] is not eligible for getting processed by all BeanPostProcessors (for example: not eligible for auto-proxying)
2019-11-28 13:09:16.427  WARN 18504 --- [main] c.n.c.sources.URLConfigurationSource     : No URLs will be polled as dynamic configuration sources.
2019-11-28 13:09:16.428  INFO 18504 --- [main] c.n.c.sources.URLConfigurationSource     : To enable URLs as dynamic configuration sources, define System property archaius.configurationSource.additionalUrls or make config.properties available on classpath.
2019-11-28 13:09:16.441  WARN 18504 --- [main] c.n.c.sources.URLConfigurationSource     : No URLs will be polled as dynamic configuration sources.
2019-11-28 13:09:16.442  INFO 18504 --- [main] c.n.c.sources.URLConfigurationSource     : To enable URLs as dynamic configuration sources, define System property archaius.configurationSource.additionalUrls or make config.properties available on classpath.
2019-11-28 13:09:17.205  INFO 18504 --- [main] o.s.s.concurrent.ThreadPoolTaskExecutor  : Initializing ExecutorService 'applicationTaskExecutor'
2019-11-28 13:09:19.180  INFO 18504 --- [main] o.s.cloud.commons.util.InetUtils         : Cannot determine local hostname
2019-11-28 13:09:21.044  INFO 18504 --- [main] o.s.cloud.commons.util.InetUtils         : Cannot determine local hostname
2019-11-28 13:09:21.559  WARN 18504 --- [main] ockingLoadBalancerClientRibbonWarnLogger : You already have RibbonLoadBalancerClient on your classpath. It will be used by default. As Spring Cloud Ribbon is in maintenance mode. We recommend switching to BlockingLoadBalancerClient instead. In order to use it, set the value of `spring.cloud.loadbalancer.ribbon.enabled` to `false` or remove spring-cloud-starter-netflix-ribbon from your project.
2019-11-28 13:09:22.770  INFO 18504 --- [main] o.s.c.n.zuul.ZuulFilterInitializer       : Starting filter initializer
2019-11-28 13:09:22.839  INFO 18504 --- [main] o.s.b.a.e.web.EndpointLinksResolver      : Exposing 2 endpoint(s) beneath base path '/actuator'
2019-11-28 13:09:22.943  INFO 18504 --- [main] o.s.c.n.eureka.InstanceInfoFactory       : Setting initial instance status as: STARTING
2019-11-28 13:09:23.029  INFO 18504 --- [main] com.netflix.discovery.DiscoveryClient    : Initializing Eureka in region us-east-1
2019-11-28 13:09:23.105  INFO 18504 --- [main] c.n.d.provider.DiscoveryJerseyProvider   : Using JSON encoding codec LegacyJacksonJson
2019-11-28 13:09:23.105  INFO 18504 --- [main] c.n.d.provider.DiscoveryJerseyProvider   : Using JSON decoding codec LegacyJacksonJson
2019-11-28 13:09:23.291  INFO 18504 --- [main] c.n.d.provider.DiscoveryJerseyProvider   : Using XML encoding codec XStreamXml
2019-11-28 13:09:23.292  INFO 18504 --- [main] c.n.d.provider.DiscoveryJerseyProvider   : Using XML decoding codec XStreamXml
2019-11-28 13:09:23.507  INFO 18504 --- [main] c.n.d.s.r.aws.ConfigClusterResolver      : Resolving eureka endpoints via configuration
2019-11-28 13:09:23.799  INFO 18504 --- [main] com.netflix.discovery.DiscoveryClient    : Disable delta property : false
2019-11-28 13:09:23.799  INFO 18504 --- [main] com.netflix.discovery.DiscoveryClient    : Single vip registry refresh property : null
2019-11-28 13:09:23.800  INFO 18504 --- [main] com.netflix.discovery.DiscoveryClient    : Force full registry fetch : false
2019-11-28 13:09:23.800  INFO 18504 --- [main] com.netflix.discovery.DiscoveryClient    : Application is null : false
2019-11-28 13:09:23.801  INFO 18504 --- [main] com.netflix.discovery.DiscoveryClient    : Registered Applications size is zero : true
2019-11-28 13:09:23.801  INFO 18504 --- [main] com.netflix.discovery.DiscoveryClient    : Application version is -1: true
2019-11-28 13:09:23.802  INFO 18504 --- [main] com.netflix.discovery.DiscoveryClient    : Getting all instance registry info from the eureka server
2019-11-28 13:09:24.048  INFO 18504 --- [main] com.netflix.discovery.DiscoveryClient    : The response status is 200
2019-11-28 13:09:24.049  INFO 18504 --- [main] com.netflix.discovery.DiscoveryClient    : Starting heartbeat executor: renew interval is: 30
2019-11-28 13:09:24.053  INFO 18504 --- [main] c.n.discovery.InstanceInfoReplicator     : InstanceInfoReplicator onDemand update allowed rate per min is 4
2019-11-28 13:09:24.057  INFO 18504 --- [main] com.netflix.discovery.DiscoveryClient    : Discovery Client initialized at timestamp 1574917764056 with initial instances count: 0
2019-11-28 13:09:24.065  INFO 18504 --- [main] c.e.z.ZuulServer5000ApplicationTests     : Started ZuulServer5000ApplicationTests in 13.343 seconds (JVM running for 14.402)
2019-11-28 13:09:24.373  INFO 18504 --- [SpringContextShutdownHook] o.s.c.n.e.s.EurekaServiceRegistry        : Unregistering application ZUUL-SERVER-5000 with eureka with status DOWN
2019-11-28 13:09:24.374  WARN 18504 --- [SpringContextShutdownHook] com.netflix.discovery.DiscoveryClient    : Saw local status change event StatusChangeEvent [timestamp=1574917764374, current=DOWN, previous=STARTING]
2019-11-28 13:09:24.377  INFO 18504 --- [DiscoveryClient-InstanceInfoReplicator-0] com.netflix.discovery.DiscoveryClient    : DiscoveryClient_ZUUL-SERVER-5000/localhost:zuul-server-5000:-1: registering service...
2019-11-28 13:09:24.378  INFO 18504 --- [SpringContextShutdownHook] o.s.c.n.zuul.ZuulFilterInitializer       : Stopping filter initializer
2019-11-28 13:09:24.382  INFO 18504 --- [SpringContextShutdownHook] o.s.s.concurrent.ThreadPoolTaskExecutor  : Shutting down ExecutorService 'applicationTaskExecutor'
2019-11-28 13:09:24.400  INFO 18504 --- [SpringContextShutdownHook] com.netflix.discovery.DiscoveryClient    : Shutting down DiscoveryClient ...
2019-11-28 13:09:24.463  INFO 18504 --- [DiscoveryClient-InstanceInfoReplicator-0] com.netflix.discovery.DiscoveryClient    : DiscoveryClient_ZUUL-SERVER-5000/localhost:zuul-server-5000:-1 - registration status: 204
2019-11-28 13:09:24.464  INFO 18504 --- [SpringContextShutdownHook] com.netflix.discovery.DiscoveryClient    : Unregistering ...
2019-11-28 13:09:24.475  INFO 18504 --- [SpringContextShutdownHook] com.netflix.discovery.DiscoveryClient    : DiscoveryClient_ZUUL-SERVER-5000/localhost:zuul-server-5000:-1 - deregister  status: 200
2019-11-28 13:09:24.486  INFO 18504 --- [SpringContextShutdownHook] com.netflix.discovery.DiscoveryClient    : Completed shut down of DiscoveryClient
2019-11-28 13:10:03.656  INFO 12156 --- [main] c.e.z.ZuulServer5000ApplicationTests     : No active profile set, falling back to default profiles: default
2019-11-28 13:10:04.544  WARN 12156 --- [main] o.s.boot.actuate.endpoint.EndpointId     : Endpoint ID 'service-registry' contains invalid characters, please migrate to a valid format.
2019-11-28 13:10:04.569  WARN 12156 --- [main] o.s.boot.actuate.endpoint.EndpointId     : Endpoint ID 'hystrix.stream' contains invalid characters, please migrate to a valid format.
2019-11-28 13:10:04.774  INFO 12156 --- [main] o.s.cloud.context.scope.GenericScope     : BeanFactory id=306c2e23-c682-3726-81e7-6c69f415964e
2019-11-28 13:10:05.377  INFO 12156 --- [main] trationDelegate$BeanPostProcessorChecker : Bean 'org.springframework.cloud.autoconfigure.ConfigurationPropertiesRebinderAutoConfiguration' of type [org.springframework.cloud.autoconfigure.ConfigurationPropertiesRebinderAutoConfiguration$$EnhancerBySpringCGLIB$$b686cd1c] is not eligible for getting processed by all BeanPostProcessors (for example: not eligible for auto-proxying)
2019-11-28 13:10:05.735  WARN 12156 --- [main] c.n.c.sources.URLConfigurationSource     : No URLs will be polled as dynamic configuration sources.
2019-11-28 13:10:05.736  INFO 12156 --- [main] c.n.c.sources.URLConfigurationSource     : To enable URLs as dynamic configuration sources, define System property archaius.configurationSource.additionalUrls or make config.properties available on classpath.
2019-11-28 13:10:05.748  WARN 12156 --- [main] c.n.c.sources.URLConfigurationSource     : No URLs will be polled as dynamic configuration sources.
2019-11-28 13:10:05.749  INFO 12156 --- [main] c.n.c.sources.URLConfigurationSource     : To enable URLs as dynamic configuration sources, define System property archaius.configurationSource.additionalUrls or make config.properties available on classpath.
2019-11-28 13:10:06.527  INFO 12156 --- [main] o.s.s.concurrent.ThreadPoolTaskExecutor  : Initializing ExecutorService 'applicationTaskExecutor'
2019-11-28 13:10:08.539  INFO 12156 --- [main] o.s.cloud.commons.util.InetUtils         : Cannot determine local hostname
2019-11-28 13:10:10.391  INFO 12156 --- [main] o.s.cloud.commons.util.InetUtils         : Cannot determine local hostname
2019-11-28 13:10:10.900  WARN 12156 --- [main] ockingLoadBalancerClientRibbonWarnLogger : You already have RibbonLoadBalancerClient on your classpath. It will be used by default. As Spring Cloud Ribbon is in maintenance mode. We recommend switching to BlockingLoadBalancerClient instead. In order to use it, set the value of `spring.cloud.loadbalancer.ribbon.enabled` to `false` or remove spring-cloud-starter-netflix-ribbon from your project.
2019-11-28 13:10:12.103  INFO 12156 --- [main] o.s.c.n.zuul.ZuulFilterInitializer       : Starting filter initializer
2019-11-28 13:10:12.157  INFO 12156 --- [main] o.s.b.a.e.web.EndpointLinksResolver      : Exposing 2 endpoint(s) beneath base path '/actuator'
2019-11-28 13:10:12.250  INFO 12156 --- [main] o.s.c.n.eureka.InstanceInfoFactory       : Setting initial instance status as: STARTING
2019-11-28 13:10:12.346  INFO 12156 --- [main] com.netflix.discovery.DiscoveryClient    : Initializing Eureka in region us-east-1
2019-11-28 13:10:12.422  INFO 12156 --- [main] c.n.d.provider.DiscoveryJerseyProvider   : Using JSON encoding codec LegacyJacksonJson
2019-11-28 13:10:12.422  INFO 12156 --- [main] c.n.d.provider.DiscoveryJerseyProvider   : Using JSON decoding codec LegacyJacksonJson
2019-11-28 13:10:12.591  INFO 12156 --- [main] c.n.d.provider.DiscoveryJerseyProvider   : Using XML encoding codec XStreamXml
2019-11-28 13:10:12.592  INFO 12156 --- [main] c.n.d.provider.DiscoveryJerseyProvider   : Using XML decoding codec XStreamXml
2019-11-28 13:10:12.789  INFO 12156 --- [main] c.n.d.s.r.aws.ConfigClusterResolver      : Resolving eureka endpoints via configuration
2019-11-28 13:10:13.126  INFO 12156 --- [main] com.netflix.discovery.DiscoveryClient    : Disable delta property : false
2019-11-28 13:10:13.126  INFO 12156 --- [main] com.netflix.discovery.DiscoveryClient    : Single vip registry refresh property : null
2019-11-28 13:10:13.127  INFO 12156 --- [main] com.netflix.discovery.DiscoveryClient    : Force full registry fetch : false
2019-11-28 13:10:13.127  INFO 12156 --- [main] com.netflix.discovery.DiscoveryClient    : Application is null : false
2019-11-28 13:10:13.127  INFO 12156 --- [main] com.netflix.discovery.DiscoveryClient    : Registered Applications size is zero : true
2019-11-28 13:10:13.127  INFO 12156 --- [main] com.netflix.discovery.DiscoveryClient    : Application version is -1: true
2019-11-28 13:10:13.128  INFO 12156 --- [main] com.netflix.discovery.DiscoveryClient    : Getting all instance registry info from the eureka server
2019-11-28 13:10:13.260  INFO 12156 --- [main] com.netflix.discovery.DiscoveryClient    : The response status is 200
2019-11-28 13:10:13.263  INFO 12156 --- [main] com.netflix.discovery.DiscoveryClient    : Starting heartbeat executor: renew interval is: 30
2019-11-28 13:10:13.266  INFO 12156 --- [main] c.n.discovery.InstanceInfoReplicator     : InstanceInfoReplicator onDemand update allowed rate per min is 4
2019-11-28 13:10:13.273  INFO 12156 --- [main] com.netflix.discovery.DiscoveryClient    : Discovery Client initialized at timestamp 1574917813271 with initial instances count: 0
2019-11-28 13:10:13.284  INFO 12156 --- [main] c.e.z.ZuulServer5000ApplicationTests     : Started ZuulServer5000ApplicationTests in 13.154 seconds (JVM running for 14.22)
2019-11-28 13:10:13.766  INFO 12156 --- [SpringContextShutdownHook] o.s.c.n.e.s.EurekaServiceRegistry        : Unregistering application ZUUL-SERVER-5000 with eureka with status DOWN
2019-11-28 13:10:13.769  WARN 12156 --- [SpringContextShutdownHook] com.netflix.discovery.DiscoveryClient    : Saw local status change event StatusChangeEvent [timestamp=1574917813769, current=DOWN, previous=STARTING]
2019-11-28 13:10:13.772  INFO 12156 --- [DiscoveryClient-InstanceInfoReplicator-0] com.netflix.discovery.DiscoveryClient    : DiscoveryClient_ZUUL-SERVER-5000/localhost:zuul-server-5000:-1: registering service...
2019-11-28 13:10:13.773  INFO 12156 --- [SpringContextShutdownHook] o.s.c.n.zuul.ZuulFilterInitializer       : Stopping filter initializer
2019-11-28 13:10:13.779  INFO 12156 --- [SpringContextShutdownHook] o.s.s.concurrent.ThreadPoolTaskExecutor  : Shutting down ExecutorService 'applicationTaskExecutor'
2019-11-28 13:10:13.803  INFO 12156 --- [SpringContextShutdownHook] com.netflix.discovery.DiscoveryClient    : Shutting down DiscoveryClient ...
2019-11-28 13:10:13.857  INFO 12156 --- [DiscoveryClient-InstanceInfoReplicator-0] com.netflix.discovery.DiscoveryClient    : DiscoveryClient_ZUUL-SERVER-5000/localhost:zuul-server-5000:-1 - registration status: 204
2019-11-28 13:10:13.858  INFO 12156 --- [SpringContextShutdownHook] com.netflix.discovery.DiscoveryClient    : Unregistering ...
2019-11-28 13:10:13.867  INFO 12156 --- [SpringContextShutdownHook] com.netflix.discovery.DiscoveryClient    : DiscoveryClient_ZUUL-SERVER-5000/localhost:zuul-server-5000:-1 - deregister  status: 200
2019-11-28 13:10:13.880  INFO 12156 --- [SpringContextShutdownHook] com.netflix.discovery.DiscoveryClient    : Completed shut down of DiscoveryClient
2019-11-28 13:12:19.426  INFO 3624 --- [main] c.e.z.ZuulServer5000ApplicationTests     : No active profile set, falling back to default profiles: default
2019-11-28 13:12:20.358  WARN 3624 --- [main] o.s.boot.actuate.endpoint.EndpointId     : Endpoint ID 'service-registry' contains invalid characters, please migrate to a valid format.
2019-11-28 13:12:20.379  WARN 3624 --- [main] o.s.boot.actuate.endpoint.EndpointId     : Endpoint ID 'hystrix.stream' contains invalid characters, please migrate to a valid format.
2019-11-28 13:12:20.552  INFO 3624 --- [main] o.s.cloud.context.scope.GenericScope     : BeanFactory id=306c2e23-c682-3726-81e7-6c69f415964e
2019-11-28 13:12:21.078  INFO 3624 --- [main] trationDelegate$BeanPostProcessorChecker : Bean 'org.springframework.cloud.autoconfigure.ConfigurationPropertiesRebinderAutoConfiguration' of type [org.springframework.cloud.autoconfigure.ConfigurationPropertiesRebinderAutoConfiguration$$EnhancerBySpringCGLIB$$b686cd1c] is not eligible for getting processed by all BeanPostProcessors (for example: not eligible for auto-proxying)
2019-11-28 13:12:21.395  WARN 3624 --- [main] c.n.c.sources.URLConfigurationSource     : No URLs will be polled as dynamic configuration sources.
2019-11-28 13:12:21.396  INFO 3624 --- [main] c.n.c.sources.URLConfigurationSource     : To enable URLs as dynamic configuration sources, define System property archaius.configurationSource.additionalUrls or make config.properties available on classpath.
2019-11-28 13:12:21.403  WARN 3624 --- [main] c.n.c.sources.URLConfigurationSource     : No URLs will be polled as dynamic configuration sources.
2019-11-28 13:12:21.404  INFO 3624 --- [main] c.n.c.sources.URLConfigurationSource     : To enable URLs as dynamic configuration sources, define System property archaius.configurationSource.additionalUrls or make config.properties available on classpath.
2019-11-28 13:12:22.285  INFO 3624 --- [main] o.s.s.concurrent.ThreadPoolTaskExecutor  : Initializing ExecutorService 'applicationTaskExecutor'
2019-11-28 13:12:24.276  INFO 3624 --- [main] o.s.cloud.commons.util.InetUtils         : Cannot determine local hostname
2019-11-28 13:12:25.973  INFO 3624 --- [main] o.s.cloud.commons.util.InetUtils         : Cannot determine local hostname
2019-11-28 13:12:26.395  WARN 3624 --- [main] ockingLoadBalancerClientRibbonWarnLogger : You already have RibbonLoadBalancerClient on your classpath. It will be used by default. As Spring Cloud Ribbon is in maintenance mode. We recommend switching to BlockingLoadBalancerClient instead. In order to use it, set the value of `spring.cloud.loadbalancer.ribbon.enabled` to `false` or remove spring-cloud-starter-netflix-ribbon from your project.
2019-11-28 13:12:27.430  INFO 3624 --- [main] o.s.c.n.zuul.ZuulFilterInitializer       : Starting filter initializer
2019-11-28 13:12:27.488  INFO 3624 --- [main] o.s.b.a.e.web.EndpointLinksResolver      : Exposing 2 endpoint(s) beneath base path '/actuator'
2019-11-28 13:12:27.584  INFO 3624 --- [main] o.s.c.n.eureka.InstanceInfoFactory       : Setting initial instance status as: STARTING
2019-11-28 13:12:27.675  INFO 3624 --- [main] com.netflix.discovery.DiscoveryClient    : Initializing Eureka in region us-east-1
2019-11-28 13:12:27.761  INFO 3624 --- [main] c.n.d.provider.DiscoveryJerseyProvider   : Using JSON encoding codec LegacyJacksonJson
2019-11-28 13:12:27.761  INFO 3624 --- [main] c.n.d.provider.DiscoveryJerseyProvider   : Using JSON decoding codec LegacyJacksonJson
2019-11-28 13:12:27.948  INFO 3624 --- [main] c.n.d.provider.DiscoveryJerseyProvider   : Using XML encoding codec XStreamXml
2019-11-28 13:12:27.949  INFO 3624 --- [main] c.n.d.provider.DiscoveryJerseyProvider   : Using XML decoding codec XStreamXml
2019-11-28 13:12:28.141  INFO 3624 --- [main] c.n.d.s.r.aws.ConfigClusterResolver      : Resolving eureka endpoints via configuration
2019-11-28 13:12:28.438  INFO 3624 --- [main] com.netflix.discovery.DiscoveryClient    : Disable delta property : false
2019-11-28 13:12:28.439  INFO 3624 --- [main] com.netflix.discovery.DiscoveryClient    : Single vip registry refresh property : null
2019-11-28 13:12:28.440  INFO 3624 --- [main] com.netflix.discovery.DiscoveryClient    : Force full registry fetch : false
2019-11-28 13:12:28.440  INFO 3624 --- [main] com.netflix.discovery.DiscoveryClient    : Application is null : false
2019-11-28 13:12:28.440  INFO 3624 --- [main] com.netflix.discovery.DiscoveryClient    : Registered Applications size is zero : true
2019-11-28 13:12:28.440  INFO 3624 --- [main] com.netflix.discovery.DiscoveryClient    : Application version is -1: true
2019-11-28 13:12:28.441  INFO 3624 --- [main] com.netflix.discovery.DiscoveryClient    : Getting all instance registry info from the eureka server
2019-11-28 13:12:28.641  INFO 3624 --- [main] com.netflix.discovery.DiscoveryClient    : The response status is 200
2019-11-28 13:12:28.645  INFO 3624 --- [main] com.netflix.discovery.DiscoveryClient    : Starting heartbeat executor: renew interval is: 30
2019-11-28 13:12:28.649  INFO 3624 --- [main] c.n.discovery.InstanceInfoReplicator     : InstanceInfoReplicator onDemand update allowed rate per min is 4
2019-11-28 13:12:28.655  INFO 3624 --- [main] com.netflix.discovery.DiscoveryClient    : Discovery Client initialized at timestamp 1574917948653 with initial instances count: 3
2019-11-28 13:12:28.663  INFO 3624 --- [main] c.e.z.ZuulServer5000ApplicationTests     : Started ZuulServer5000ApplicationTests in 12.851 seconds (JVM running for 14.081)
2019-11-28 13:12:29.011  INFO 3624 --- [SpringContextShutdownHook] o.s.c.n.e.s.EurekaServiceRegistry        : Unregistering application ZUUL-SERVER-5000 with eureka with status DOWN
2019-11-28 13:12:29.012  WARN 3624 --- [SpringContextShutdownHook] com.netflix.discovery.DiscoveryClient    : Saw local status change event StatusChangeEvent [timestamp=1574917949012, current=DOWN, previous=STARTING]
2019-11-28 13:12:29.014  INFO 3624 --- [DiscoveryClient-InstanceInfoReplicator-0] com.netflix.discovery.DiscoveryClient    : DiscoveryClient_ZUUL-SERVER-5000/localhost:zuul-server-5000:-1: registering service...
2019-11-28 13:12:29.014  INFO 3624 --- [SpringContextShutdownHook] o.s.c.n.zuul.ZuulFilterInitializer       : Stopping filter initializer
2019-11-28 13:12:29.018  INFO 3624 --- [SpringContextShutdownHook] o.s.s.concurrent.ThreadPoolTaskExecutor  : Shutting down ExecutorService 'applicationTaskExecutor'
2019-11-28 13:12:29.036  INFO 3624 --- [SpringContextShutdownHook] com.netflix.discovery.DiscoveryClient    : Shutting down DiscoveryClient ...
2019-11-28 13:12:29.208  INFO 3624 --- [DiscoveryClient-InstanceInfoReplicator-0] com.netflix.discovery.DiscoveryClient    : DiscoveryClient_ZUUL-SERVER-5000/localhost:zuul-server-5000:-1 - registration status: 204
2019-11-28 13:12:29.209  INFO 3624 --- [SpringContextShutdownHook] com.netflix.discovery.DiscoveryClient    : Unregistering ...
2019-11-28 13:12:29.217  INFO 3624 --- [SpringContextShutdownHook] com.netflix.discovery.DiscoveryClient    : DiscoveryClient_ZUUL-SERVER-5000/localhost:zuul-server-5000:-1 - deregister  status: 200
2019-11-28 13:12:29.231  INFO 3624 --- [SpringContextShutdownHook] com.netflix.discovery.DiscoveryClient    : Completed shut down of DiscoveryClient
