2019-11-28 13:11:10.141  INFO 11856 --- [main] c.e.f.FeignCustomer10000ApplicationTests : No active profile set, falling back to default profiles: default
2019-11-28 13:11:10.872  INFO 11856 --- [main] o.s.cloud.context.scope.GenericScope     : BeanFactory id=1be87b5c-62e1-33d7-88fa-78a35316f940
2019-11-28 13:11:11.121  INFO 11856 --- [main] trationDelegate$BeanPostProcessorChecker : Bean 'org.springframework.cloud.autoconfigure.ConfigurationPropertiesRebinderAutoConfiguration' of type [org.springframework.cloud.autoconfigure.ConfigurationPropertiesRebinderAutoConfiguration$$EnhancerBySpringCGLIB$$f964abc7] is not eligible for getting processed by all BeanPostProcessors (for example: not eligible for auto-proxying)
2019-11-28 13:11:11.768  WARN 11856 --- [main] c.n.c.sources.URLConfigurationSource     : No URLs will be polled as dynamic configuration sources.
2019-11-28 13:11:11.769  INFO 11856 --- [main] c.n.c.sources.URLConfigurationSource     : To enable URLs as dynamic configuration sources, define System property archaius.configurationSource.additionalUrls or make config.properties available on classpath.
2019-11-28 13:11:11.777  WARN 11856 --- [main] c.n.c.sources.URLConfigurationSource     : No URLs will be polled as dynamic configuration sources.
2019-11-28 13:11:11.777  INFO 11856 --- [main] c.n.c.sources.URLConfigurationSource     : To enable URLs as dynamic configuration sources, define System property archaius.configurationSource.additionalUrls or make config.properties available on classpath.
2019-11-28 13:11:12.164  INFO 11856 --- [main] o.s.s.concurrent.ThreadPoolTaskExecutor  : Initializing ExecutorService 'applicationTaskExecutor'
2019-11-28 13:11:14.003  INFO 11856 --- [main] o.s.cloud.commons.util.InetUtils         : Cannot determine local hostname
2019-11-28 13:11:15.597  INFO 11856 --- [main] o.s.cloud.commons.util.InetUtils         : Cannot determine local hostname
2019-11-28 13:11:15.662  WARN 11856 --- [main] ockingLoadBalancerClientRibbonWarnLogger : You already have RibbonLoadBalancerClient on your classpath. It will be used by default. As Spring Cloud Ribbon is in maintenance mode. We recommend switching to BlockingLoadBalancerClient instead. In order to use it, set the value of `spring.cloud.loadbalancer.ribbon.enabled` to `false` or remove spring-cloud-starter-netflix-ribbon from your project.
2019-11-28 13:11:15.858  INFO 11856 --- [main] c.e.f.FeignCustomer10000ApplicationTests : Started FeignCustomer10000ApplicationTests in 9.171 seconds (JVM running for 10.241)
2019-11-28 13:11:16.216  INFO 11856 --- [SpringContextShutdownHook] o.s.c.n.eureka.InstanceInfoFactory       : Setting initial instance status as: STARTING
2019-11-28 13:11:16.222  INFO 11856 --- [SpringContextShutdownHook] o.s.c.n.e.s.EurekaServiceRegistry        : Unregistering application FEIGN-CUSTOMER-10001 with eureka with status DOWN
2019-11-28 13:11:16.225  INFO 11856 --- [SpringContextShutdownHook] o.s.s.concurrent.ThreadPoolTaskExecutor  : Shutting down ExecutorService 'applicationTaskExecutor'
2019-11-28 13:12:01.868  INFO 11988 --- [main] c.e.f.FeignCustomer10000ApplicationTests : No active profile set, falling back to default profiles: default
2019-11-28 13:12:03.002  INFO 11988 --- [main] o.s.cloud.context.scope.GenericScope     : BeanFactory id=1be87b5c-62e1-33d7-88fa-78a35316f940
2019-11-28 13:12:03.356  INFO 11988 --- [main] trationDelegate$BeanPostProcessorChecker : Bean 'org.springframework.cloud.autoconfigure.ConfigurationPropertiesRebinderAutoConfiguration' of type [org.springframework.cloud.autoconfigure.ConfigurationPropertiesRebinderAutoConfiguration$$EnhancerBySpringCGLIB$$f964abc7] is not eligible for getting processed by all BeanPostProcessors (for example: not eligible for auto-proxying)
2019-11-28 13:12:04.227  WARN 11988 --- [main] c.n.c.sources.URLConfigurationSource     : No URLs will be polled as dynamic configuration sources.
2019-11-28 13:12:04.229  INFO 11988 --- [main] c.n.c.sources.URLConfigurationSource     : To enable URLs as dynamic configuration sources, define System property archaius.configurationSource.additionalUrls or make config.properties available on classpath.
2019-11-28 13:12:04.236  WARN 11988 --- [main] c.n.c.sources.URLConfigurationSource     : No URLs will be polled as dynamic configuration sources.
2019-11-28 13:12:04.236  INFO 11988 --- [main] c.n.c.sources.URLConfigurationSource     : To enable URLs as dynamic configuration sources, define System property archaius.configurationSource.additionalUrls or make config.properties available on classpath.
2019-11-28 13:12:04.671  INFO 11988 --- [main] o.s.s.concurrent.ThreadPoolTaskExecutor  : Initializing ExecutorService 'applicationTaskExecutor'
2019-11-28 13:12:06.507  INFO 11988 --- [main] o.s.cloud.commons.util.InetUtils         : Cannot determine local hostname
2019-11-28 13:12:08.017  INFO 11988 --- [main] o.s.cloud.commons.util.InetUtils         : Cannot determine local hostname
2019-11-28 13:12:08.076  WARN 11988 --- [main] ockingLoadBalancerClientRibbonWarnLogger : You already have RibbonLoadBalancerClient on your classpath. It will be used by default. As Spring Cloud Ribbon is in maintenance mode. We recommend switching to BlockingLoadBalancerClient instead. In order to use it, set the value of `spring.cloud.loadbalancer.ribbon.enabled` to `false` or remove spring-cloud-starter-netflix-ribbon from your project.
2019-11-28 13:12:08.265  INFO 11988 --- [main] c.e.f.FeignCustomer10000ApplicationTests : Started FeignCustomer10000ApplicationTests in 9.767 seconds (JVM running for 10.731)
2019-11-28 13:12:08.590  INFO 11988 --- [SpringContextShutdownHook] o.s.c.n.eureka.InstanceInfoFactory       : Setting initial instance status as: STARTING
2019-11-28 13:12:08.595  INFO 11988 --- [SpringContextShutdownHook] o.s.c.n.e.s.EurekaServiceRegistry        : Unregistering application FEIGN-CUSTOMER-10001 with eureka with status DOWN
2019-11-28 13:12:08.600  INFO 11988 --- [SpringContextShutdownHook] o.s.s.concurrent.ThreadPoolTaskExecutor  : Shutting down ExecutorService 'applicationTaskExecutor'
